<?xml version="1.0" encoding="UTF-8"?>
<!-- Generated by org.testng.reporters.JUnitReportReporter -->
<testsuite hostname="DESKTOP-4JVPPEU" failures="0" tests="1" name="Jenkins.Yamaha" time="72.123" errors="0" timestamp="2022-12-12T18:00:29 IST" skipped="0">
  <testcase classname="Jenkins.Yamaha" name="yamaha" time="72.123"/>
  <system-out/>
</testsuite> <!-- Jenkins.Yamaha -->
