<?xml version="1.0" encoding="UTF-8"?>
<!-- Generated by org.testng.reporters.JUnitReportReporter -->
<testsuite hostname="DESKTOP-4JVPPEU" failures="0" tests="1" name="Jenkins.Launch_url" time="25.979" errors="0" timestamp="2022-12-12T18:00:29 IST" skipped="0">
  <testcase classname="Jenkins.Launch_url" name="ktm" time="25.979"/>
  <system-out/>
</testsuite> <!-- Jenkins.Launch_url -->
